09
51
0a
21
10
01
00
10
38
10
16
69
27
f0
10
01
00
00
95
20
66
01
61
f7
20
01
00
00
75
30
66
13
75
f6
30
01
00
00
95
40
66
01
61
f7
40
01
00
00
65
50
66
24
58
f5
50
05
00
50
93
50
03
00
00
28
50
47
93
20
f3
50
04
00
00
65
50
68
24
58
f5
50
09
51
0a
21
20
05
00
20
16
00
01
00
50
36
10
66
93
24
f8
10
01
00
00
74
20
76
56
59
f4
20
01
00
00
44
30
86
81
71
f9
30
01
00
00
44
40
86
81
71
f9
40
01
00
00
05
50
76
02
00
f0
50
01
00
00
95
60
66
01
61
f7
60
01
00
00
35
70
66
97
42
f4
70
01
00
00
44
80
86
81
71
f9
80
01
00
00
44
90
86
81
71
f9
90
01
00
00
74
01
76
56
59
f4
01
05
00
01
67
01
03
00
00
99
01
37
36
36
f6
01
04
00
00
44
01
88
81
71
f9
01
09
51
0a
21
30
05
00
30
63
00
